\BOOKMARK [1][-]{section.1}{\376\377\230\171\166\356\200\314\146\157\116\016\141\017\116\111}{}% 1
\BOOKMARK [2][-]{subsection.1.1}{\376\377\213\376\172\013\145\071\227\151\200\314\146\157}{section.1}% 2
\BOOKMARK [2][-]{subsection.1.2}{\376\377\230\171\166\356\141\017\116\111}{section.1}% 3
\BOOKMARK [2][-]{subsection.1.3}{\376\377\122\033\145\260\160\271}{section.1}% 4
\BOOKMARK [2][-]{subsection.1.4}{\376\377\133\371\150\007\123\302\200\003}{section.1}% 5
\BOOKMARK [1][-]{section.2}{\376\377\230\171\166\356\166\356\150\007\116\016\137\123\122\115\217\333\134\125}{}% 6
\BOOKMARK [2][-]{subsection.2.1}{\376\377\140\073\117\123\166\356\150\007}{section.2}% 7
\BOOKMARK [2][-]{subsection.2.2}{\376\377\137\123\122\115\133\214\142\020\162\266\140\001}{section.2}% 8
\BOOKMARK [2][-]{subsection.2.3}{\376\377\135\362\133\236\163\260\122\237\200\375}{section.2}% 9
\BOOKMARK [1][-]{section.3}{\376\377\142\200\147\057\145\271\150\110}{}% 10
\BOOKMARK [2][-]{subsection.3.1}{\376\377\145\164\117\123\147\266\147\204}{section.3}% 11
\BOOKMARK [2][-]{subsection.3.2}{\376\377\155\101\154\064\176\277\116\224\176\247\225\001\133\130\126\150\213\276\213\241}{section.3}% 12
\BOOKMARK [2][-]{subsection.3.3}{\376\377\145\160\143\156\121\222\226\151\116\016\217\154\123\321\147\072\122\066}{section.3}% 13
\BOOKMARK [2][-]{subsection.3.4}{\376\377\122\006\145\057\121\222\226\151\131\004\164\006}{section.3}% 14
\BOOKMARK [2][-]{subsection.3.5}{\376\377\000C\000p\000u\000C\000o\000r\000e\000\040\142\275\214\141\143\245\123\343}{section.3}% 15
\BOOKMARK [2][-]{subsection.3.6}{\376\377\122\115\124\016\172\357\162\266\140\001\124\014\153\145\147\072\122\066}{section.3}% 16
\BOOKMARK [2][-]{subsection.3.7}{\376\377\000C\000+\000+\000\040\124\016\172\357\152\041\127\127}{section.3}% 17
\BOOKMARK [2][-]{subsection.3.8}{\376\377\143\007\116\344\226\306\145\057\143\001}{section.3}% 18
\BOOKMARK [2][-]{subsection.3.9}{\376\377\123\357\211\306\123\026\116\016\214\003\213\325}{section.3}% 19
\BOOKMARK [1][-]{section.4}{\376\377\124\016\176\355\137\000\123\321\213\241\122\022}{}% 20
\BOOKMARK [2][-]{subsection.4.1}{\376\377\135\362\133\214\142\020\166\204\137\000\123\321\135\345\117\134}{section.4}% 21
\BOOKMARK [2][-]{subsection.4.2}{\376\377\124\016\176\355\137\000\123\321\213\241\122\022}{section.4}% 22
\BOOKMARK [2][-]{subsection.4.3}{\376\377\137\000\123\321\215\357\176\277\126\376}{section.4}% 23
\BOOKMARK [1][-]{section.5}{\376\377\230\316\226\151\213\304\117\060\116\016\136\224\133\371}{}% 24
\BOOKMARK [1][-]{section.6}{\376\377\122\006\135\345\145\271\150\110}{}% 25
\BOOKMARK [1][-]{section.7}{\376\377\230\204\147\037\142\020\147\234}{}% 26
\BOOKMARK [2][-]{subsection.7.1}{\376\377\116\343\170\001\142\020\147\234}{section.7}% 27
\BOOKMARK [2][-]{subsection.7.2}{\376\377\217\320\210\114\145\110\147\234}{section.7}% 28
\BOOKMARK [2][-]{subsection.7.3}{\376\377\145\207\150\143\142\020\147\234}{section.7}% 29
\BOOKMARK [1][-]{section.8}{\376\377\123\302\200\003\215\104\145\231}{}% 30
